
> vibe-generated-app@1.0.0 dev
> vite


  VITE v5.4.20  ready in 291 ms

  ➜  Local:   http://localhost:3000/
  ➜  Network: http://172.20.3.99:3000/
3:50:39 PM [vite] Pre-transform error: Transform failed with 1 error:
/home/workspace/src/App.jsx:39:96: ERROR: Syntax error "n"
3:50:42 PM [vite] Internal server error: Transform failed with 1 error:
/home/workspace/src/App.jsx:39:96: ERROR: Syntax error "n"
  Plugin: vite:esbuild
  File: /home/workspace/src/App.jsx:39:96
  
  Syntax error "n"
  37 |      const hasAlgo = lower.includes('binary search') || lower.includes('algorithm') || lower.includes('code')
  38 |      const content = hasAlgo
  39 |        ? `Here is a binary search implementation in JavaScript:\n\n\n\n\n\n\n\n\n\n```javascript\nfunction binarySearch(arr, target) {\n  let left = 0, right = arr.length - 1;\n  while (left <= right) {\n    const mid = Math.floor((left + right) / 2);\n    if (arr[mid] === target) return mid;\n    if (arr[mid] < target) left = mid + 1;\n    else right = mid - 1;\n  }\n  return -1;\n}\n\nconsole.log(binarySearch([1,3,5,7,9], 7)); // 3\n```\n\nComplexity: O(log n).`
     |                                                                                                  ^
  40 |        : `Great question! Here are some insights about ${prompt}:\n\n- Break the problem into smaller pieces.\n- Add logs and test small parts.\n- Prefer clarity over cleverness.`
  41 |  
  
      at failureErrorWithLog (/home/workspace/node_modules/esbuild/lib/main.js:1472:15)
      at /home/workspace/node_modules/esbuild/lib/main.js:755:50
      at responseCallbacks.<computed> (/home/workspace/node_modules/esbuild/lib/main.js:622:9)
      at handleIncomingPacket (/home/workspace/node_modules/esbuild/lib/main.js:677:12)
      at Socket.readFromStdout (/home/workspace/node_modules/esbuild/lib/main.js:600:7)
      at Socket.emit (node:events:508:28)
      at addChunk (node:internal/streams/readable:559:12)
      at readableAddChunkPushByteMode (node:internal/streams/readable:510:3)
      at Readable.push (node:internal/streams/readable:390:5)
      at Pipe.onStreamRead (node:internal/stream_base_commons:189:23)
